This file contains any messages produced by compilers while
running configure, to aid debugging if configure makes a mistake.

It was created by SystemC configure 2.3.3, which was
generated by GNU Autoconf 2.69.  Invocation command line was

  $ ./configure 

## --------- ##
## Platform. ##
## --------- ##

hostname = MacBooknSamsung.fritz.box
uname -m = arm64
uname -r = 23.2.0
uname -s = Darwin
uname -v = Darwin Kernel Version 23.2.0: Wed Nov 15 21:53:34 PST 2023; root:xnu-10002.61.3~2/RELEASE_ARM64_T8103

/usr/bin/uname -p = arm
/bin/uname -X     = unknown

/bin/arch              = unknown
/usr/bin/arch -k       = unknown
/usr/convex/getsysinfo = unknown
/usr/bin/hostinfo      = Mach kernel version:
	 Darwin Kernel Version 23.2.0: Wed Nov 15 21:53:34 PST 2023; root:xnu-10002.61.3~2/RELEASE_ARM64_T8103
Kernel configured for up to 8 processors.
8 processors are physically available.
8 processors are logically available.
Processor type: arm64e (ARM64E)
Processors active: 0 1 2 3 4 5 6 7
Primary memory available: 16.00 gigabytes
Default processor set: 510 tasks, 3945 threads, 8 processors
Load average: 3.18, Mach factor: 4.99
/bin/machine           = unknown
/usr/bin/oslevel       = unknown
/bin/universe          = unknown

PATH: /Users/simon/.docker/bin
PATH: /Users/simon/.nvm/versions/node/v16.14.2/bin
PATH: /Users/simon/Development/Apps/flutter/flutter/bin
PATH: /Users/simon/bin
PATH: /Users/simon/bin
PATH: /opt/homebrew/opt/node@16/bin
PATH: /usr/local/opt/node@14/bin
PATH: /opt/homebrew/opt/node@14/bin
PATH: /opt/homebrew/opt/node@14/bin
PATH: /opt/homebrew/bin
PATH: /opt/homebrew/sbin
PATH: /usr/local/bin
PATH: /usr/bin
PATH: /bin
PATH: /usr/sbin
PATH: /sbin


## ----------- ##
## Core tests. ##
## ----------- ##

configure:2380: checking build system type
configure:2394: result: arm-apple-darwin23.2.0
configure:2414: checking host system type
configure:2427: result: arm-apple-darwin23.2.0
configure:2447: checking target system type
configure:2460: result: arm-apple-darwin23.2.0
configure:2503: checking for a BSD-compatible install
configure:2571: result: /opt/homebrew/bin/ginstall -c
configure:2582: checking whether build environment is sane
configure:2637: result: yes
configure:2788: checking for a thread-safe mkdir -p
configure:2827: result: /opt/homebrew/bin/gmkdir -p
configure:2834: checking for gawk
configure:2864: result: no
configure:2834: checking for mawk
configure:2864: result: no
configure:2834: checking for nawk
configure:2864: result: no
configure:2834: checking for awk
configure:2850: found /usr/bin/awk
configure:2861: result: awk
configure:2872: checking whether make sets $(MAKE)
configure:2894: result: yes
configure:2923: checking whether make supports nested variables
configure:2940: result: yes
configure:3010: checking how to create a pax tar archive
configure:3021: tar --version
bsdtar 3.5.3 - libarchive 3.5.3 zlib/1.2.12 liblzma/5.0.5 bz2lib/1.0.8 
configure:3024: $? = 0
configure:3064: tardir=conftest.dir && eval tar --format=posix -chf - "$tardir" >conftest.tar
configure:3067: $? = 0
configure:3071: tar -xf - <conftest.tar
configure:3074: $? = 0
configure:3076: cat conftest.dir/file
GrepMe
configure:3079: $? = 0
configure:3092: result: gnutar
configure:3153: checking whether make supports nested variables
configure:3170: result: yes
configure:3244: checking for g++
configure:3260: found /usr/bin/g++
configure:3271: result: g++
configure:3298: checking for C++ compiler version
configure:3307: g++ --version >&5
Apple clang version 15.0.0 (clang-1500.1.0.2.5)
Target: arm64-apple-darwin23.2.0
Thread model: posix
InstalledDir: /Library/Developer/CommandLineTools/usr/bin
configure:3318: $? = 0
configure:3307: g++ -v >&5
Apple clang version 15.0.0 (clang-1500.1.0.2.5)
Target: arm64-apple-darwin23.2.0
Thread model: posix
InstalledDir: /Library/Developer/CommandLineTools/usr/bin
configure:3318: $? = 0
configure:3307: g++ -V >&5
clang: error: argument to '-V' is missing (expected 1 value)
clang: error: no input files
configure:3318: $? = 1
configure:3307: g++ -qversion >&5
clang: error: unknown argument '-qversion'; did you mean '--version'?
clang: error: no input files
configure:3318: $? = 1
configure:3338: checking whether the C++ compiler works
configure:3360: g++    conftest.cpp  >&5
configure:3364: $? = 0
configure:3412: result: yes
configure:3415: checking for C++ compiler default output file name
configure:3417: result: a.out
configure:3423: checking for suffix of executables
configure:3430: g++ -o conftest    conftest.cpp  >&5
configure:3434: $? = 0
configure:3456: result: 
configure:3478: checking whether we are cross compiling
configure:3486: g++ -o conftest    conftest.cpp  >&5
configure:3490: $? = 0
configure:3497: ./conftest
configure:3501: $? = 0
configure:3516: result: no
configure:3521: checking for suffix of object files
configure:3543: g++ -c   conftest.cpp >&5
configure:3547: $? = 0
configure:3568: result: o
configure:3572: checking whether we are using the GNU C++ compiler
configure:3591: g++ -c   conftest.cpp >&5
configure:3591: $? = 0
configure:3600: result: yes
configure:3609: checking whether g++ accepts -g
configure:3629: g++ -c -g  conftest.cpp >&5
configure:3629: $? = 0
configure:3670: result: yes
configure:3704: checking for style of include used by make
configure:3732: result: GNU
configure:3758: checking dependency style of g++
configure:3869: result: gcc3
configure:3888: checking whether we are using a Clang/LLVM C++ compiler
configure:3914: g++ -c   conftest.cpp >&5
configure:3914: $? = 0
configure:3927: result: yes
configure:3979: checking for gcc
configure:4006: result: g++
configure:4235: checking for C compiler version
configure:4244: g++ --version >&5
Apple clang version 15.0.0 (clang-1500.1.0.2.5)
Target: arm64-apple-darwin23.2.0
Thread model: posix
InstalledDir: /Library/Developer/CommandLineTools/usr/bin
configure:4255: $? = 0
configure:4244: g++ -v >&5
Apple clang version 15.0.0 (clang-1500.1.0.2.5)
Target: arm64-apple-darwin23.2.0
Thread model: posix
InstalledDir: /Library/Developer/CommandLineTools/usr/bin
configure:4255: $? = 0
configure:4244: g++ -V >&5
clang: error: argument to '-V' is missing (expected 1 value)
clang: error: no input files
configure:4255: $? = 1
configure:4244: g++ -qversion >&5
clang: error: unknown argument '-qversion'; did you mean '--version'?
clang: error: no input files
configure:4255: $? = 1
configure:4259: checking whether we are using the GNU C compiler
configure:4278: g++ -c   conftest.c >&5
clang: warning: treating 'c' input as 'c++' when in C++ mode, this behavior is deprecated [-Wdeprecated]
configure:4278: $? = 0
configure:4287: result: yes
configure:4296: checking whether g++ accepts -g
configure:4316: g++ -c -g  conftest.c >&5
clang: warning: treating 'c' input as 'c++' when in C++ mode, this behavior is deprecated [-Wdeprecated]
configure:4316: $? = 0
configure: failed program was:
| /* confdefs.h */
| #define PACKAGE_NAME "SystemC"
| #define PACKAGE_TARNAME "systemc"
| #define PACKAGE_VERSION "2.3.3"
| #define PACKAGE_STRING "SystemC 2.3.3"
| #define PACKAGE_BUGREPORT "http://forums.accellera.org/forum/9-systemc/"
| #define PACKAGE_URL "http://accellera.org/"
| /* end confdefs.h.  */
| 
| int
| main ()
| {
| 
|   ;
|   return 0;
| }
configure:4331: g++ -c   conftest.c >&5
clang: warning: treating 'c' input as 'c++' when in C++ mode, this behavior is deprecated [-Wdeprecated]
configure:4331: $? = 0
configure: failed program was:
| /* confdefs.h */
| #define PACKAGE_NAME "SystemC"
| #define PACKAGE_TARNAME "systemc"
| #define PACKAGE_VERSION "2.3.3"
| #define PACKAGE_STRING "SystemC 2.3.3"
| #define PACKAGE_BUGREPORT "http://forums.accellera.org/forum/9-systemc/"
| #define PACKAGE_URL "http://accellera.org/"
| /* end confdefs.h.  */
| 
| int
| main ()
| {
| 
|   ;
|   return 0;
| }
configure:4347: g++ -c -g  conftest.c >&5
clang: warning: treating 'c' input as 'c++' when in C++ mode, this behavior is deprecated [-Wdeprecated]
configure:4347: $? = 0
configure:4357: result: yes
configure:4374: checking for g++ option to accept ISO C89
configure:4437: g++  -c   conftest.c >&5
clang: warning: treating 'c' input as 'c++' when in C++ mode, this behavior is deprecated [-Wdeprecated]
conftest.c:15:17: error: unknown type name 'p'
static char *e (p, i)
                ^
conftest.c:15:20: error: unknown type name 'i'
static char *e (p, i)
                   ^
conftest.c:15:22: error: expected ';' after top level declarator
static char *e (p, i)
                     ^
                     ;
conftest.c:18:1: error: expected unqualified-id
{
^
4 errors generated.
configure:4437: $? = 1
configure: failed program was:
| /* confdefs.h */
| #define PACKAGE_NAME "SystemC"
| #define PACKAGE_TARNAME "systemc"
| #define PACKAGE_VERSION "2.3.3"
| #define PACKAGE_STRING "SystemC 2.3.3"
| #define PACKAGE_BUGREPORT "http://forums.accellera.org/forum/9-systemc/"
| #define PACKAGE_URL "http://accellera.org/"
| /* end confdefs.h.  */
| #include <stdarg.h>
| #include <stdio.h>
| struct stat;
| /* Most of the following tests are stolen from RCS 5.7's src/conf.sh.  */
| struct buf { int x; };
| FILE * (*rcsopen) (struct buf *, struct stat *, int);
| static char *e (p, i)
|      char **p;
|      int i;
| {
|   return p[i];
| }
| static char *f (char * (*g) (char **, int), char **p, ...)
| {
|   char *s;
|   va_list v;
|   va_start (v,p);
|   s = g (p, va_arg (v,int));
|   va_end (v);
|   return s;
| }
| 
| /* OSF 4.0 Compaq cc is some sort of almost-ANSI by default.  It has
|    function prototypes and stuff, but not '\xHH' hex character constants.
|    These don't provoke an error unfortunately, instead are silently treated
|    as 'x'.  The following induces an error, until -std is added to get
|    proper ANSI mode.  Curiously '\x00'!='x' always comes out true, for an
|    array size at least.  It's necessary to write '\x00'==0 to get something
|    that's true only with -std.  */
| int osf4_cc_array ['\x00' == 0 ? 1 : -1];
| 
| /* IBM C 6 for AIX is almost-ANSI by default, but it replaces macro parameters
|    inside strings and character constants.  */
| #define FOO(x) 'x'
| int xlc6_cc_array[FOO(a) == 'x' ? 1 : -1];
| 
| int test (int i, double x);
| struct s1 {int (*f) (int a);};
| struct s2 {int (*f) (double a);};
| int pairnames (int, char **, FILE *(*)(struct buf *, struct stat *, int), int, int);
| int argc;
| char **argv;
| int
| main ()
| {
| return f (e, argv, 0) != argv[0]  ||  f (e, argv, 1) != argv[1];
|   ;
|   return 0;
| }
configure:4437: g++ -qlanglvl=extc89 -c   conftest.c >&5
clang: error: unknown argument: '-qlanglvl=extc89'
clang: warning: treating 'c' input as 'c++' when in C++ mode, this behavior is deprecated [-Wdeprecated]
configure:4437: $? = 1
configure: failed program was:
| /* confdefs.h */
| #define PACKAGE_NAME "SystemC"
| #define PACKAGE_TARNAME "systemc"
| #define PACKAGE_VERSION "2.3.3"
| #define PACKAGE_STRING "SystemC 2.3.3"
| #define PACKAGE_BUGREPORT "http://forums.accellera.org/forum/9-systemc/"
| #define PACKAGE_URL "http://accellera.org/"
| /* end confdefs.h.  */
| #include <stdarg.h>
| #include <stdio.h>
| struct stat;
| /* Most of the following tests are stolen from RCS 5.7's src/conf.sh.  */
| struct buf { int x; };
| FILE * (*rcsopen) (struct buf *, struct stat *, int);
| static char *e (p, i)
|      char **p;
|      int i;
| {
|   return p[i];
| }
| static char *f (char * (*g) (char **, int), char **p, ...)
| {
|   char *s;
|   va_list v;
|   va_start (v,p);
|   s = g (p, va_arg (v,int));
|   va_end (v);
|   return s;
| }
| 
| /* OSF 4.0 Compaq cc is some sort of almost-ANSI by default.  It has
|    function prototypes and stuff, but not '\xHH' hex character constants.
|    These don't provoke an error unfortunately, instead are silently treated
|    as 'x'.  The following induces an error, until -std is added to get
|    proper ANSI mode.  Curiously '\x00'!='x' always comes out true, for an
|    array size at least.  It's necessary to write '\x00'==0 to get something
|    that's true only with -std.  */
| int osf4_cc_array ['\x00' == 0 ? 1 : -1];
| 
| /* IBM C 6 for AIX is almost-ANSI by default, but it replaces macro parameters
|    inside strings and character constants.  */
| #define FOO(x) 'x'
| int xlc6_cc_array[FOO(a) == 'x' ? 1 : -1];
| 
| int test (int i, double x);
| struct s1 {int (*f) (int a);};
| struct s2 {int (*f) (double a);};
| int pairnames (int, char **, FILE *(*)(struct buf *, struct stat *, int), int, int);
| int argc;
| char **argv;
| int
| main ()
| {
| return f (e, argv, 0) != argv[0]  ||  f (e, argv, 1) != argv[1];
|   ;
|   return 0;
| }
configure:4437: g++ -qlanglvl=ansi -c   conftest.c >&5
clang: error: unknown argument: '-qlanglvl=ansi'
clang: warning: treating 'c' input as 'c++' when in C++ mode, this behavior is deprecated [-Wdeprecated]
configure:4437: $? = 1
configure: failed program was:
| /* confdefs.h */
| #define PACKAGE_NAME "SystemC"
| #define PACKAGE_TARNAME "systemc"
| #define PACKAGE_VERSION "2.3.3"
| #define PACKAGE_STRING "SystemC 2.3.3"
| #define PACKAGE_BUGREPORT "http://forums.accellera.org/forum/9-systemc/"
| #define PACKAGE_URL "http://accellera.org/"
| /* end confdefs.h.  */
| #include <stdarg.h>
| #include <stdio.h>
| struct stat;
| /* Most of the following tests are stolen from RCS 5.7's src/conf.sh.  */
| struct buf { int x; };
| FILE * (*rcsopen) (struct buf *, struct stat *, int);
| static char *e (p, i)
|      char **p;
|      int i;
| {
|   return p[i];
| }
| static char *f (char * (*g) (char **, int), char **p, ...)
| {
|   char *s;
|   va_list v;
|   va_start (v,p);
|   s = g (p, va_arg (v,int));
|   va_end (v);
|   return s;
| }
| 
| /* OSF 4.0 Compaq cc is some sort of almost-ANSI by default.  It has
|    function prototypes and stuff, but not '\xHH' hex character constants.
|    These don't provoke an error unfortunately, instead are silently treated
|    as 'x'.  The following induces an error, until -std is added to get
|    proper ANSI mode.  Curiously '\x00'!='x' always comes out true, for an
|    array size at least.  It's necessary to write '\x00'==0 to get something
|    that's true only with -std.  */
| int osf4_cc_array ['\x00' == 0 ? 1 : -1];
| 
| /* IBM C 6 for AIX is almost-ANSI by default, but it replaces macro parameters
|    inside strings and character constants.  */
| #define FOO(x) 'x'
| int xlc6_cc_array[FOO(a) == 'x' ? 1 : -1];
| 
| int test (int i, double x);
| struct s1 {int (*f) (int a);};
| struct s2 {int (*f) (double a);};
| int pairnames (int, char **, FILE *(*)(struct buf *, struct stat *, int), int, int);
| int argc;
| char **argv;
| int
| main ()
| {
| return f (e, argv, 0) != argv[0]  ||  f (e, argv, 1) != argv[1];
|   ;
|   return 0;
| }
configure:4437: g++ -std -c   conftest.c >&5
clang: error: unknown argument: '-std'
clang: warning: treating 'c' input as 'c++' when in C++ mode, this behavior is deprecated [-Wdeprecated]
configure:4437: $? = 1
configure: failed program was:
| /* confdefs.h */
| #define PACKAGE_NAME "SystemC"
| #define PACKAGE_TARNAME "systemc"
| #define PACKAGE_VERSION "2.3.3"
| #define PACKAGE_STRING "SystemC 2.3.3"
| #define PACKAGE_BUGREPORT "http://forums.accellera.org/forum/9-systemc/"
| #define PACKAGE_URL "http://accellera.org/"
| /* end confdefs.h.  */
| #include <stdarg.h>
| #include <stdio.h>
| struct stat;
| /* Most of the following tests are stolen from RCS 5.7's src/conf.sh.  */
| struct buf { int x; };
| FILE * (*rcsopen) (struct buf *, struct stat *, int);
| static char *e (p, i)
|      char **p;
|      int i;
| {
|   return p[i];
| }
| static char *f (char * (*g) (char **, int), char **p, ...)
| {
|   char *s;
|   va_list v;
|   va_start (v,p);
|   s = g (p, va_arg (v,int));
|   va_end (v);
|   return s;
| }
| 
| /* OSF 4.0 Compaq cc is some sort of almost-ANSI by default.  It has
|    function prototypes and stuff, but not '\xHH' hex character constants.
|    These don't provoke an error unfortunately, instead are silently treated
|    as 'x'.  The following induces an error, until -std is added to get
|    proper ANSI mode.  Curiously '\x00'!='x' always comes out true, for an
|    array size at least.  It's necessary to write '\x00'==0 to get something
|    that's true only with -std.  */
| int osf4_cc_array ['\x00' == 0 ? 1 : -1];
| 
| /* IBM C 6 for AIX is almost-ANSI by default, but it replaces macro parameters
|    inside strings and character constants.  */
| #define FOO(x) 'x'
| int xlc6_cc_array[FOO(a) == 'x' ? 1 : -1];
| 
| int test (int i, double x);
| struct s1 {int (*f) (int a);};
| struct s2 {int (*f) (double a);};
| int pairnames (int, char **, FILE *(*)(struct buf *, struct stat *, int), int, int);
| int argc;
| char **argv;
| int
| main ()
| {
| return f (e, argv, 0) != argv[0]  ||  f (e, argv, 1) != argv[1];
|   ;
|   return 0;
| }
configure:4437: g++ -Ae -c   conftest.c >&5
clang: warning: treating 'c' input as 'c++' when in C++ mode, this behavior is deprecated [-Wdeprecated]
clang: warning: argument unused during compilation: '-Ae' [-Wunused-command-line-argument]
conftest.c:15:17: error: unknown type name 'p'
static char *e (p, i)
                ^
conftest.c:15:20: error: unknown type name 'i'
static char *e (p, i)
                   ^
conftest.c:15:22: error: expected ';' after top level declarator
static char *e (p, i)
                     ^
                     ;
conftest.c:18:1: error: expected unqualified-id
{
^
4 errors generated.
configure:4437: $? = 1
configure: failed program was:
| /* confdefs.h */
| #define PACKAGE_NAME "SystemC"
| #define PACKAGE_TARNAME "systemc"
| #define PACKAGE_VERSION "2.3.3"
| #define PACKAGE_STRING "SystemC 2.3.3"
| #define PACKAGE_BUGREPORT "http://forums.accellera.org/forum/9-systemc/"
| #define PACKAGE_URL "http://accellera.org/"
| /* end confdefs.h.  */
| #include <stdarg.h>
| #include <stdio.h>
| struct stat;
| /* Most of the following tests are stolen from RCS 5.7's src/conf.sh.  */
| struct buf { int x; };
| FILE * (*rcsopen) (struct buf *, struct stat *, int);
| static char *e (p, i)
|      char **p;
|      int i;
| {
|   return p[i];
| }
| static char *f (char * (*g) (char **, int), char **p, ...)
| {
|   char *s;
|   va_list v;
|   va_start (v,p);
|   s = g (p, va_arg (v,int));
|   va_end (v);
|   return s;
| }
| 
| /* OSF 4.0 Compaq cc is some sort of almost-ANSI by default.  It has
|    function prototypes and stuff, but not '\xHH' hex character constants.
|    These don't provoke an error unfortunately, instead are silently treated
|    as 'x'.  The following induces an error, until -std is added to get
|    proper ANSI mode.  Curiously '\x00'!='x' always comes out true, for an
|    array size at least.  It's necessary to write '\x00'==0 to get something
|    that's true only with -std.  */
| int osf4_cc_array ['\x00' == 0 ? 1 : -1];
| 
| /* IBM C 6 for AIX is almost-ANSI by default, but it replaces macro parameters
|    inside strings and character constants.  */
| #define FOO(x) 'x'
| int xlc6_cc_array[FOO(a) == 'x' ? 1 : -1];
| 
| int test (int i, double x);
| struct s1 {int (*f) (int a);};
| struct s2 {int (*f) (double a);};
| int pairnames (int, char **, FILE *(*)(struct buf *, struct stat *, int), int, int);
| int argc;
| char **argv;
| int
| main ()
| {
| return f (e, argv, 0) != argv[0]  ||  f (e, argv, 1) != argv[1];
|   ;
|   return 0;
| }
configure:4437: g++ -Aa -D_HPUX_SOURCE -c   conftest.c >&5
clang: warning: treating 'c' input as 'c++' when in C++ mode, this behavior is deprecated [-Wdeprecated]
clang: warning: argument unused during compilation: '-Aa' [-Wunused-command-line-argument]
conftest.c:15:17: error: unknown type name 'p'
static char *e (p, i)
                ^
conftest.c:15:20: error: unknown type name 'i'
static char *e (p, i)
                   ^
conftest.c:15:22: error: expected ';' after top level declarator
static char *e (p, i)
                     ^
                     ;
conftest.c:18:1: error: expected unqualified-id
{
^
4 errors generated.
configure:4437: $? = 1
configure: failed program was:
| /* confdefs.h */
| #define PACKAGE_NAME "SystemC"
| #define PACKAGE_TARNAME "systemc"
| #define PACKAGE_VERSION "2.3.3"
| #define PACKAGE_STRING "SystemC 2.3.3"
| #define PACKAGE_BUGREPORT "http://forums.accellera.org/forum/9-systemc/"
| #define PACKAGE_URL "http://accellera.org/"
| /* end confdefs.h.  */
| #include <stdarg.h>
| #include <stdio.h>
| struct stat;
| /* Most of the following tests are stolen from RCS 5.7's src/conf.sh.  */
| struct buf { int x; };
| FILE * (*rcsopen) (struct buf *, struct stat *, int);
| static char *e (p, i)
|      char **p;
|      int i;
| {
|   return p[i];
| }
| static char *f (char * (*g) (char **, int), char **p, ...)
| {
|   char *s;
|   va_list v;
|   va_start (v,p);
|   s = g (p, va_arg (v,int));
|   va_end (v);
|   return s;
| }
| 
| /* OSF 4.0 Compaq cc is some sort of almost-ANSI by default.  It has
|    function prototypes and stuff, but not '\xHH' hex character constants.
|    These don't provoke an error unfortunately, instead are silently treated
|    as 'x'.  The following induces an error, until -std is added to get
|    proper ANSI mode.  Curiously '\x00'!='x' always comes out true, for an
|    array size at least.  It's necessary to write '\x00'==0 to get something
|    that's true only with -std.  */
| int osf4_cc_array ['\x00' == 0 ? 1 : -1];
| 
| /* IBM C 6 for AIX is almost-ANSI by default, but it replaces macro parameters
|    inside strings and character constants.  */
| #define FOO(x) 'x'
| int xlc6_cc_array[FOO(a) == 'x' ? 1 : -1];
| 
| int test (int i, double x);
| struct s1 {int (*f) (int a);};
| struct s2 {int (*f) (double a);};
| int pairnames (int, char **, FILE *(*)(struct buf *, struct stat *, int), int, int);
| int argc;
| char **argv;
| int
| main ()
| {
| return f (e, argv, 0) != argv[0]  ||  f (e, argv, 1) != argv[1];
|   ;
|   return 0;
| }
configure:4437: g++ -Xc -D__EXTENSIONS__ -c   conftest.c >&5
clang: warning: treating 'c' input as 'c++' when in C++ mode, this behavior is deprecated [-Wdeprecated]
clang: warning: argument unused during compilation: '-Xc' [-Wunused-command-line-argument]
conftest.c:15:17: error: unknown type name 'p'
static char *e (p, i)
                ^
conftest.c:15:20: error: unknown type name 'i'
static char *e (p, i)
                   ^
conftest.c:15:22: error: expected ';' after top level declarator
static char *e (p, i)
                     ^
                     ;
conftest.c:18:1: error: expected unqualified-id
{
^
4 errors generated.
configure:4437: $? = 1
configure: failed program was:
| /* confdefs.h */
| #define PACKAGE_NAME "SystemC"
| #define PACKAGE_TARNAME "systemc"
| #define PACKAGE_VERSION "2.3.3"
| #define PACKAGE_STRING "SystemC 2.3.3"
| #define PACKAGE_BUGREPORT "http://forums.accellera.org/forum/9-systemc/"
| #define PACKAGE_URL "http://accellera.org/"
| /* end confdefs.h.  */
| #include <stdarg.h>
| #include <stdio.h>
| struct stat;
| /* Most of the following tests are stolen from RCS 5.7's src/conf.sh.  */
| struct buf { int x; };
| FILE * (*rcsopen) (struct buf *, struct stat *, int);
| static char *e (p, i)
|      char **p;
|      int i;
| {
|   return p[i];
| }
| static char *f (char * (*g) (char **, int), char **p, ...)
| {
|   char *s;
|   va_list v;
|   va_start (v,p);
|   s = g (p, va_arg (v,int));
|   va_end (v);
|   return s;
| }
| 
| /* OSF 4.0 Compaq cc is some sort of almost-ANSI by default.  It has
|    function prototypes and stuff, but not '\xHH' hex character constants.
|    These don't provoke an error unfortunately, instead are silently treated
|    as 'x'.  The following induces an error, until -std is added to get
|    proper ANSI mode.  Curiously '\x00'!='x' always comes out true, for an
|    array size at least.  It's necessary to write '\x00'==0 to get something
|    that's true only with -std.  */
| int osf4_cc_array ['\x00' == 0 ? 1 : -1];
| 
| /* IBM C 6 for AIX is almost-ANSI by default, but it replaces macro parameters
|    inside strings and character constants.  */
| #define FOO(x) 'x'
| int xlc6_cc_array[FOO(a) == 'x' ? 1 : -1];
| 
| int test (int i, double x);
| struct s1 {int (*f) (int a);};
| struct s2 {int (*f) (double a);};
| int pairnames (int, char **, FILE *(*)(struct buf *, struct stat *, int), int, int);
| int argc;
| char **argv;
| int
| main ()
| {
| return f (e, argv, 0) != argv[0]  ||  f (e, argv, 1) != argv[1];
|   ;
|   return 0;
| }
configure:4453: result: unsupported
configure:4475: checking whether g++ understands -c and -o together
configure:4497: g++ -c conftest.c -o conftest2.o
clang: warning: treating 'c' input as 'c++' when in C++ mode, this behavior is deprecated [-Wdeprecated]
configure:4500: $? = 0
configure:4497: g++ -c conftest.c -o conftest2.o
clang: warning: treating 'c' input as 'c++' when in C++ mode, this behavior is deprecated [-Wdeprecated]
configure:4500: $? = 0
configure:4512: result: yes
configure:4531: checking dependency style of g++
configure:4642: result: gcc3
configure:4659: checking whether we are using a Clang/LLVM C compiler
configure:4685: g++ -c   conftest.c >&5
clang: warning: treating 'c' input as 'c++' when in C++ mode, this behavior is deprecated [-Wdeprecated]
configure:4685: $? = 0
configure:4698: result: yes
configure:4750: checking for ar
configure:4766: found /usr/bin/ar
configure:4777: result: ar
configure:4803: checking the archiver (ar) interface
configure:4819: g++ -c   conftest.c >&5
clang: warning: treating 'c' input as 'c++' when in C++ mode, this behavior is deprecated [-Wdeprecated]
configure:4819: $? = 0
configure:4821: ar cru libconftest.a conftest.o >&5
configure:4824: $? = 0
configure:4852: result: ar
configure:4884: checking dependency style of g++

## ---------------- ##
## Cache variables. ##
## ---------------- ##

ac_cv_build=arm-apple-darwin23.2.0
ac_cv_c_compiler_gnu=yes
ac_cv_cxx_compiler_gnu=yes
ac_cv_env_CCASFLAGS_set=
ac_cv_env_CCASFLAGS_value=
ac_cv_env_CCAS_set=
ac_cv_env_CCAS_value=
ac_cv_env_CCC_set=
ac_cv_env_CCC_value=
ac_cv_env_CC_set=
ac_cv_env_CC_value=
ac_cv_env_CFLAGS_set=
ac_cv_env_CFLAGS_value=
ac_cv_env_CPPFLAGS_set=
ac_cv_env_CPPFLAGS_value=
ac_cv_env_CPP_set=
ac_cv_env_CPP_value=
ac_cv_env_CXXCPP_set=
ac_cv_env_CXXCPP_value=
ac_cv_env_CXXFLAGS_set=
ac_cv_env_CXXFLAGS_value=
ac_cv_env_CXX_set=
ac_cv_env_CXX_value=
ac_cv_env_LDFLAGS_set=
ac_cv_env_LDFLAGS_value=
ac_cv_env_LIBS_set=
ac_cv_env_LIBS_value=
ac_cv_env_build_alias_set=
ac_cv_env_build_alias_value=
ac_cv_env_host_alias_set=
ac_cv_env_host_alias_value=
ac_cv_env_target_alias_set=
ac_cv_env_target_alias_value=
ac_cv_host=arm-apple-darwin23.2.0
ac_cv_objext=o
ac_cv_path_install='/opt/homebrew/bin/ginstall -c'
ac_cv_path_mkdir=/opt/homebrew/bin/gmkdir
ac_cv_prog_AWK=awk
ac_cv_prog_ac_ct_AR=ar
ac_cv_prog_ac_ct_CC=g++
ac_cv_prog_ac_ct_CXX=g++
ac_cv_prog_cc_c89=no
ac_cv_prog_cc_g=yes
ac_cv_prog_cxx_g=yes
ac_cv_prog_make_make_set=yes
ac_cv_target=arm-apple-darwin23.2.0
am_cv_CCAS_dependencies_compiler_type=none
am_cv_CC_dependencies_compiler_type=gcc3
am_cv_CXX_dependencies_compiler_type=gcc3
am_cv_ar_interface=ar
am_cv_make_support_nested_variables=yes
am_cv_prog_cc_c_o=yes
am_cv_prog_tar_pax=gnutar
sc_cv_clang=yes
sc_cv_clangxx=yes

## ----------------- ##
## Output variables. ##
## ----------------- ##

ACLOCAL='${SHELL} /Users/simon/development/college/GRA/systemdesign/Abschlussprojekt/lib/systemc-src/config/missing aclocal-1.14'
AMDEPBACKSLASH='\'
AMDEP_FALSE='#'
AMDEP_TRUE=''
AMTAR='$${TAR-tar}'
AM_BACKSLASH='\'
AM_DEFAULT_V='$(AM_DEFAULT_VERBOSITY)'
AM_DEFAULT_VERBOSITY='0'
AM_V='$(V)'
AR='ar'
AUTOCONF='${SHELL} /Users/simon/development/college/GRA/systemdesign/Abschlussprojekt/lib/systemc-src/config/missing autoconf'
AUTOHEADER='${SHELL} /Users/simon/development/college/GRA/systemdesign/Abschlussprojekt/lib/systemc-src/config/missing autoheader'
AUTOMAKE='${SHELL} /Users/simon/development/college/GRA/systemdesign/Abschlussprojekt/lib/systemc-src/config/missing automake-1.14'
AWK='awk'
CC='g++'
CCAS='g++'
CCASDEPMODE=''
CCASFLAGS=''
CCDEPMODE='depmode=gcc3'
CFLAGS=''
CPP=''
CPPFLAGS=''
CXX='g++'
CXXCPP=''
CXXDEPMODE='depmode=gcc3'
CXXFLAGS=''
CYGPATH_W='echo'
DEBUG_CXXFLAGS=''
DEFS=''
DEPDIR='.deps'
DISABLE_ASYNC_UPDATES_FALSE=''
DISABLE_ASYNC_UPDATES_TRUE=''
DISABLE_VCD_SCOPES_FALSE=''
DISABLE_VCD_SCOPES_TRUE=''
DLLTOOL=''
DSYMUTIL=''
DUMPBIN=''
ECHO_C='\c'
ECHO_N=''
ECHO_T=''
EGREP=''
ENABLE_CALLBACKS_FALSE=''
ENABLE_CALLBACKS_TRACING_FALSE=''
ENABLE_CALLBACKS_TRACING_TRUE=''
ENABLE_CALLBACKS_TRUE=''
EXEEXT=''
EXPLICIT_LPTHREAD=''
EXTRA_ASFLAGS=''
EXTRA_CFLAGS=''
EXTRA_CXXFLAGS=''
EXTRA_LDFLAGS=''
FGREP=''
GREP=''
INSTALL_DATA='${INSTALL} -m 644'
INSTALL_PROGRAM='${INSTALL}'
INSTALL_SCRIPT='${INSTALL}'
INSTALL_STRIP_PROGRAM='$(install_sh) -c -s'
LD=''
LDFLAGS=''
LDFLAG_RPATH=''
LIBCONFIG_DEFINES=''
LIBOBJS=''
LIBS=''
LIBTOOL=''
LIB_ARCH_SUFFIX=''
LIPO=''
LN_S=''
LTLIBOBJS=''
MAKEINFO='${SHELL} /Users/simon/development/college/GRA/systemdesign/Abschlussprojekt/lib/systemc-src/config/missing makeinfo'
MANIFEST_TOOL=''
MKDIR_P='/opt/homebrew/bin/gmkdir -p'
NM=''
NMEDIT=''
OBJDUMP=''
OBJEXT='o'
OPT_CXXFLAGS=''
OTOOL64=''
OTOOL=''
PACKAGE='systemc'
PACKAGE_BUGREPORT='http://forums.accellera.org/forum/9-systemc/'
PACKAGE_NAME='SystemC'
PACKAGE_STRING='SystemC 2.3.3'
PACKAGE_TARNAME='systemc'
PACKAGE_URL='http://accellera.org/'
PACKAGE_VERSION='2.3.3'
PATH_SEPARATOR=':'
PKGCONFIG_CFLAGS=''
PKGCONFIG_DEFINES=''
PKGCONFIG_LDPRIV=''
PTHREAD_CC=''
PTHREAD_CFLAGS=''
PTHREAD_LIBS=''
QT_ARCH=''
QT_ARCH_AARCH64_FALSE=''
QT_ARCH_AARCH64_TRUE=''
QT_ARCH_HPPA_FALSE=''
QT_ARCH_HPPA_TRUE=''
QT_ARCH_POWERPC_MACOSX_FALSE=''
QT_ARCH_POWERPC_MACOSX_TRUE=''
QT_ARCH_SPARC_FALSE=''
QT_ARCH_SPARC_TRUE=''
QT_ARCH_X86_64_FALSE=''
QT_ARCH_X86_64_TRUE=''
QT_ARCH_X86_FALSE=''
QT_ARCH_X86_TRUE=''
RANLIB=''
SED=''
SEPARATE_BUILD_TREE_FALSE=''
SEPARATE_BUILD_TREE_TRUE=''
SEPARATE_INSTALL_TREE_FALSE=''
SEPARATE_INSTALL_TREE_TRUE=''
SET_MAKE=''
SHELL='/bin/sh'
STRIP=''
TARGET_ARCH=''
TLM_PACKAGE_VERSION='2.0.5'
USES_PTHREADS_LIB_FALSE=''
USES_PTHREADS_LIB_TRUE=''
VERSION='2.3.3'
WANT_DEBUG_FALSE=''
WANT_DEBUG_TRUE=''
WANT_OPTIMIZE_FALSE=''
WANT_OPTIMIZE_TRUE=''
WANT_PTHREADS_THREADS_FALSE=''
WANT_PTHREADS_THREADS_TRUE=''
WANT_QT_THREADS_FALSE=''
WANT_QT_THREADS_TRUE=''
ac_ct_AR='ar'
ac_ct_CC='g++'
ac_ct_CXX='g++'
ac_ct_DUMPBIN=''
am__EXEEXT_FALSE=''
am__EXEEXT_TRUE=''
am__fastdepCCAS_FALSE=''
am__fastdepCCAS_TRUE=''
am__fastdepCC_FALSE='#'
am__fastdepCC_TRUE=''
am__fastdepCXX_FALSE='#'
am__fastdepCXX_TRUE=''
am__include='include'
am__isrc=''
am__leading_dot='.'
am__nodep='_no'
am__quote=''
am__tar='tar --format=posix -chf - "$$tardir"'
am__untar='tar -xf -'
ax_pthread_config=''
bindir='${exec_prefix}/bin'
build='arm-apple-darwin23.2.0'
build_alias=''
build_cpu='arm'
build_os='darwin23.2.0'
build_vendor='apple'
datadir='${datarootdir}'
datarootdir='${prefix}/share'
docdir='${datarootdir}/doc/${PACKAGE_TARNAME}'
dvidir='${docdir}'
examplesdir=''
exec_prefix='NONE'
host='arm-apple-darwin23.2.0'
host_alias=''
host_cpu='arm'
host_os='darwin23.2.0'
host_vendor='apple'
htmldir='${docdir}'
includedir='${prefix}/include'
infodir='${datarootdir}/info'
install_sh='${SHELL} /Users/simon/development/college/GRA/systemdesign/Abschlussprojekt/lib/systemc-src/config/install-sh'
libarchdir=''
libdir='${exec_prefix}/lib'
libexecdir='${exec_prefix}/libexec'
localedir='${datarootdir}/locale'
localstatedir='${prefix}/var'
mandir='${datarootdir}/man'
mkdir_p='$(MKDIR_P)'
oldincludedir='/usr/include'
pdfdir='${docdir}'
prefix='NONE'
program_transform_name='s,x,x,'
psdir='${docdir}'
rootdocdir=''
sbindir='${exec_prefix}/sbin'
sharedstatedir='${prefix}/com'
sysconfdir='${prefix}/etc'
target='arm-apple-darwin23.2.0'
target_alias=''
target_cpu='arm'
target_os='darwin23.2.0'
target_vendor='apple'

configure: caught signal 2
configure: exit 1
