/Users/simon/development/college/GRA/systemdesign/Abschlussprojekt/lib/temp/systemc/src/sysc/utils/sc_string.cpp:322:10: warning: 'sprintf' is deprecated: This function is provided for compatibility reasons only.  Due to security concerns inherent in the design of sprintf(3), it is highly recommended that you use snprintf(3) instead. [-Wdeprecated-declarations]
  ::std::sprintf(buf,"%ld",n);
         ^
/Library/Developer/CommandLineTools/SDKs/MacOSX14.2.sdk/usr/include/stdio.h:180:1: note: 'sprintf' has been explicitly marked deprecated here
__deprecated_msg("This function is provided for compatibility reasons only.  Due to security concerns inherent in the design of sprintf(3), it is highly recommended that you use snprintf(3) instead.")
^
/Library/Developer/CommandLineTools/SDKs/MacOSX14.2.sdk/usr/include/sys/cdefs.h:215:48: note: expanded from macro '__deprecated_msg'
        #define __deprecated_msg(_msg) __attribute__((__deprecated__(_msg)))
                                                      ^
/Users/simon/development/college/GRA/systemdesign/Abschlussprojekt/lib/temp/systemc/src/sysc/tracing/sc_trace.cpp:74:12: warning: 'vsprintf' is deprecated: This function is provided for compatibility reasons only.  Due to security concerns inherent in the design of sprintf(3), it is highly recommended that you use vsnprintf(3) instead. [-Wdeprecated-declarations]
    (void) vsprintf(buffer, format, ap);
           ^
/Library/Developer/CommandLineTools/SDKs/MacOSX14.2.sdk/usr/include/stdio.h:199:1: note: 'vsprintf' has been explicitly marked deprecated here
__deprecated_msg("This function is provided for compatibility reasons only.  Due to security concerns inherent in the design of sprintf(3), it is highly recommended that you use vsnprintf(3) instead.")
^
/Library/Developer/CommandLineTools/SDKs/MacOSX14.2.sdk/usr/include/sys/cdefs.h:215:48: note: expanded from macro '__deprecated_msg'
        #define __deprecated_msg(_msg) __attribute__((__deprecated__(_msg)))
                                                      ^
/Users/simon/development/college/GRA/systemdesign/Abschlussprojekt/lib/temp/systemc/src/sysc/datatypes/fx/scfx_rep.cpp:2800:7: warning: 'sprintf' is deprecated: This function is provided for compatibility reasons only.  Due to security concerns inherent in the design of sprintf(3), it is highly recommended that you use snprintf(3) instead. [-Wdeprecated-declarations]
        std::sprintf( buf, " %d: %10u (%8x)", i, (int) m_mant[i], (int) m_mant[i] );
             ^
/Library/Developer/CommandLineTools/SDKs/MacOSX14.2.sdk/usr/include/stdio.h:180:1: note: 'sprintf' has been explicitly marked deprecated here
__deprecated_msg("This function is provided for compatibility reasons only.  Due to security concerns inherent in the design of sprintf(3), it is highly recommended that you use snprintf(3) instead.")
^
/Library/Developer/CommandLineTools/SDKs/MacOSX14.2.sdk/usr/include/sys/cdefs.h:215:48: note: expanded from macro '__deprecated_msg'
        #define __deprecated_msg(_msg) __attribute__((__deprecated__(_msg)))
                                                      ^
/Users/simon/development/college/GRA/systemdesign/Abschlussprojekt/lib/temp/systemc/src/sysc/kernel/sc_thread_process.cpp:106:1: warning: unknown attribute 'force_align_arg_pointer' ignored [-Wunknown-attributes]
SC_ALIGNED_STACK_
^~~~~~~~~~~~~~~~~
/Users/simon/development/college/GRA/systemdesign/Abschlussprojekt/lib/temp/systemc/src/sysc/kernel/sc_thread_process.cpp:89:20: note: expanded from macro 'SC_ALIGNED_STACK_'
    __attribute__((force_align_arg_pointer))
                   ^~~~~~~~~~~~~~~~~~~~~~~
/Users/simon/development/college/GRA/systemdesign/Abschlussprojekt/lib/temp/systemc/src/sysc/utils/sc_report_handler.cpp:61:7: warning: 'sprintf' is deprecated: This function is provided for compatibility reasons only.  Due to security concerns inherent in the design of sprintf(3), it is highly recommended that you use snprintf(3) instead. [-Wdeprecated-declarations]
        std::sprintf(idstr, "(%c%d) ",
             ^
/Library/Developer/CommandLineTools/SDKs/MacOSX14.2.sdk/usr/include/stdio.h:180:1: note: 'sprintf' has been explicitly marked deprecated here
__deprecated_msg("This function is provided for compatibility reasons only.  Due to security concerns inherent in the design of sprintf(3), it is highly recommended that you use snprintf(3) instead.")
^
/Library/Developer/CommandLineTools/SDKs/MacOSX14.2.sdk/usr/include/sys/cdefs.h:215:48: note: expanded from macro '__deprecated_msg'
        #define __deprecated_msg(_msg) __attribute__((__deprecated__(_msg)))
                                                      ^
/Users/simon/development/college/GRA/systemdesign/Abschlussprojekt/lib/temp/systemc/src/sysc/utils/sc_report_handler.cpp:78:7: warning: 'sprintf' is deprecated: This function is provided for compatibility reasons only.  Due to security concerns inherent in the design of sprintf(3), it is highly recommended that you use snprintf(3) instead. [-Wdeprecated-declarations]
        std::sprintf(line_number_str, "%d", rep.get_line_number());
             ^
/Library/Developer/CommandLineTools/SDKs/MacOSX14.2.sdk/usr/include/stdio.h:180:1: note: 'sprintf' has been explicitly marked deprecated here
__deprecated_msg("This function is provided for compatibility reasons only.  Due to security concerns inherent in the design of sprintf(3), it is highly recommended that you use snprintf(3) instead.")
^
/Library/Developer/CommandLineTools/SDKs/MacOSX14.2.sdk/usr/include/sys/cdefs.h:215:48: note: expanded from macro '__deprecated_msg'
        #define __deprecated_msg(_msg) __attribute__((__deprecated__(_msg)))
                                                      ^
1 warning generated.
1 warning generated.
1 warning generated.
2 warnings generated.
/Users/simon/development/college/GRA/systemdesign/Abschlussprojekt/lib/temp/systemc/src/sysc/tracing/sc_vcd_trace.cpp:160:18: warning: 'sprintf' is deprecated: This function is provided for compatibility reasons only.  Due to security concerns inherent in the design of sprintf(3), it is highly recommended that you use snprintf(3) instead. [-Wdeprecated-declarations]
            std::sprintf(compdata, "b%s %s", effective_begin, vcd_name.c_str());
                 ^
/Library/Developer/CommandLineTools/SDKs/MacOSX14.2.sdk/usr/include/stdio.h:180:1: note: 'sprintf' has been explicitly marked deprecated here
__deprecated_msg("This function is provided for compatibility reasons only.  Due to security concerns inherent in the design of sprintf(3), it is highly recommended that you use snprintf(3) instead.")
^
/Library/Developer/CommandLineTools/SDKs/MacOSX14.2.sdk/usr/include/sys/cdefs.h:215:48: note: expanded from macro '__deprecated_msg'
        #define __deprecated_msg(_msg) __attribute__((__deprecated__(_msg)))
                                                      ^
/Users/simon/development/college/GRA/systemdesign/Abschlussprojekt/lib/temp/systemc/src/sysc/tracing/sc_vcd_trace.cpp:191:14: warning: 'sprintf' is deprecated: This function is provided for compatibility reasons only.  Due to security concerns inherent in the design of sprintf(3), it is highly recommended that you use snprintf(3) instead. [-Wdeprecated-declarations]
        std::sprintf(buf, "$var %s  % 3d  %s  %s       $end\n",
             ^
/Library/Developer/CommandLineTools/SDKs/MacOSX14.2.sdk/usr/include/stdio.h:180:1: note: 'sprintf' has been explicitly marked deprecated here
__deprecated_msg("This function is provided for compatibility reasons only.  Due to security concerns inherent in the design of sprintf(3), it is highly recommended that you use snprintf(3) instead.")
^
/Library/Developer/CommandLineTools/SDKs/MacOSX14.2.sdk/usr/include/sys/cdefs.h:215:48: note: expanded from macro '__deprecated_msg'
        #define __deprecated_msg(_msg) __attribute__((__deprecated__(_msg)))
                                                      ^
/Users/simon/development/college/GRA/systemdesign/Abschlussprojekt/lib/temp/systemc/src/sysc/tracing/sc_vcd_trace.cpp:199:14: warning: 'sprintf' is deprecated: This function is provided for compatibility reasons only.  Due to security concerns inherent in the design of sprintf(3), it is highly recommended that you use snprintf(3) instead. [-Wdeprecated-declarations]
        std::sprintf(buf, "$var %s  % 3d  %s  %s [%d:0]  $end\n",
             ^
/Library/Developer/CommandLineTools/SDKs/MacOSX14.2.sdk/usr/include/stdio.h:180:1: note: 'sprintf' has been explicitly marked deprecated here
__deprecated_msg("This function is provided for compatibility reasons only.  Due to security concerns inherent in the design of sprintf(3), it is highly recommended that you use snprintf(3) instead.")
^
/Library/Developer/CommandLineTools/SDKs/MacOSX14.2.sdk/usr/include/sys/cdefs.h:215:48: note: expanded from macro '__deprecated_msg'
        #define __deprecated_msg(_msg) __attribute__((__deprecated__(_msg)))
                                                      ^
/Users/simon/development/college/GRA/systemdesign/Abschlussprojekt/lib/temp/systemc/src/sysc/tracing/sc_wif_trace.cpp:1566:10: warning: 'sprintf' is deprecated: This function is provided for compatibility reasons only.  Due to security concerns inherent in the design of sprintf(3), it is highly recommended that you use snprintf(3) instead. [-Wdeprecated-declarations]
    std::sprintf(buf,"%d", static_cast<int>(log10(static_cast<double>(trace_unit_fs))));
         ^
/Library/Developer/CommandLineTools/SDKs/MacOSX14.2.sdk/usr/include/stdio.h:180:1: note: 'sprintf' has been explicitly marked deprecated here
__deprecated_msg("This function is provided for compatibility reasons only.  Due to security concerns inherent in the design of sprintf(3), it is highly recommended that you use snprintf(3) instead.")
^
/Library/Developer/CommandLineTools/SDKs/MacOSX14.2.sdk/usr/include/sys/cdefs.h:215:48: note: expanded from macro '__deprecated_msg'
        #define __deprecated_msg(_msg) __attribute__((__deprecated__(_msg)))
                                                      ^
/Users/simon/development/college/GRA/systemdesign/Abschlussprojekt/lib/temp/systemc/src/sysc/tracing/sc_wif_trace.cpp:1859:10: warning: 'sprintf' is deprecated: This function is provided for compatibility reasons only.  Due to security concerns inherent in the design of sprintf(3), it is highly recommended that you use snprintf(3) instead. [-Wdeprecated-declarations]
    std::sprintf( buf, "O%d", wif_name_index ++ );
         ^
/Library/Developer/CommandLineTools/SDKs/MacOSX14.2.sdk/usr/include/stdio.h:180:1: note: 'sprintf' has been explicitly marked deprecated here
__deprecated_msg("This function is provided for compatibility reasons only.  Due to security concerns inherent in the design of sprintf(3), it is highly recommended that you use snprintf(3) instead.")
^
/Library/Developer/CommandLineTools/SDKs/MacOSX14.2.sdk/usr/include/sys/cdefs.h:215:48: note: expanded from macro '__deprecated_msg'
        #define __deprecated_msg(_msg) __attribute__((__deprecated__(_msg)))
                                                      ^
/Users/simon/development/college/GRA/systemdesign/Abschlussprojekt/lib/temp/systemc/src/sysc/tracing/sc_vcd_trace.cpp:2127:10: warning: 'sprintf' is deprecated: This function is provided for compatibility reasons only.  Due to security concerns inherent in the design of sprintf(3), it is highly recommended that you use snprintf(3) instead. [-Wdeprecated-declarations]
    std::sprintf(buf, "%c%c%c%c%c",
         ^
/Library/Developer/CommandLineTools/SDKs/MacOSX14.2.sdk/usr/include/stdio.h:180:1: note: 'sprintf' has been explicitly marked deprecated here
__deprecated_msg("This function is provided for compatibility reasons only.  Due to security concerns inherent in the design of sprintf(3), it is highly recommended that you use snprintf(3) instead.")
^
/Library/Developer/CommandLineTools/SDKs/MacOSX14.2.sdk/usr/include/sys/cdefs.h:215:48: note: expanded from macro '__deprecated_msg'
        #define __deprecated_msg(_msg) __attribute__((__deprecated__(_msg)))
                                                      ^
1 warning generated.
2 warnings generated.
4 warnings generated.
ld: warning: '/Users/simon/development/college/GRA/systemdesign/Abschlussprojekt/lib/temp/systemc/objdir/src/CMakeFiles/systemc.dir/sysc/packages/qt/md/aarch64.s.o' has malformed LC_DYSYMTAB, expected 2 undefined symbols to start at index 11, found 1 undefined symbols starting at index 12
